<?xml version="1.0" encoding="UTF-8"?>
<testsuite name="Run On EDGE"
           tests="5"
           failures="0"
           errors="0"
           skipped="0"
           time="8,314">
  <properties />
  
  
            <testcase name="TC_01_Login_Page_Not_User" time="1,078" classname="com.OrangeHRM.admin.Login" />
                <testcase name="TC_03_Login_Page_Wrong_User" time="1,918" classname="com.OrangeHRM.admin.Login" />
                <testcase name="TC_04_Login_Page_Wrong_Password" time="2,225" classname="com.OrangeHRM.admin.Login" />
                <testcase name="TC_02_Login_Page_Not_Password" time="1,016" classname="com.OrangeHRM.admin.Login" />
                <testcase name="TC_05_Login_Page_Successfull" time="2,077" classname="com.OrangeHRM.admin.Login" />
      
</testsuite>
