<?xml version="1.0" encoding="UTF-8"?>
<testng-results ignored="0" total="18" passed="18" failed="0" skipped="0">
  <reporter-output>
  </reporter-output>
  <suite started-at="2024-09-21T20:18:15 ICT" name="OrangeHRM" finished-at="2024-09-21T20:20:12 ICT" duration-ms="116298">
    <groups>
    </groups>
    <test started-at="2024-09-21T20:18:15 ICT" name="Run On FIREFOX" finished-at="2024-09-21T20:18:53 ICT" duration-ms="37872">
      <class name="com.OrangeHRM.admin.Login">
        <test-method is-config="true" signature="beforeClass(java.lang.String)[pri:0, instance:com.OrangeHRM.admin.Login@74f6c5d8]" started-at="2024-09-21T20:18:15 ICT" name="beforeClass" finished-at="2024-09-21T20:18:21 ICT" duration-ms="5987" status="PASS">
          <params>
            <param index="0">
              <value>
                <![CDATA[firefox]]>
              </value>
            </param>
          </params>
          <reporter-output>
          </reporter-output>
        </test-method> <!-- beforeClass -->
        <test-method signature="TC_01_Login_Page_Not_User()[pri:0, instance:com.OrangeHRM.admin.Login@74f6c5d8]" started-at="2024-09-21T20:18:21 ICT" name="TC_01_Login_Page_Not_User" finished-at="2024-09-21T20:18:22 ICT" duration-ms="913" status="PASS">
          <reporter-output>
          </reporter-output>
        </test-method> <!-- TC_01_Login_Page_Not_User -->
        <test-method signature="TC_02_Login_Page_Not_Password()[pri:0, instance:com.OrangeHRM.admin.Login@74f6c5d8]" started-at="2024-09-21T20:18:22 ICT" name="TC_02_Login_Page_Not_Password" finished-at="2024-09-21T20:18:24 ICT" duration-ms="1355" status="PASS">
          <reporter-output>
          </reporter-output>
        </test-method> <!-- TC_02_Login_Page_Not_Password -->
        <test-method signature="TC_03_Login_Page_Wrong_User()[pri:0, instance:com.OrangeHRM.admin.Login@74f6c5d8]" started-at="2024-09-21T20:18:24 ICT" name="TC_03_Login_Page_Wrong_User" finished-at="2024-09-21T20:18:26 ICT" duration-ms="2129" status="PASS">
          <reporter-output>
          </reporter-output>
        </test-method> <!-- TC_03_Login_Page_Wrong_User -->
        <test-method signature="TC_04_Login_Page_Wrong_Password()[pri:0, instance:com.OrangeHRM.admin.Login@74f6c5d8]" started-at="2024-09-21T20:18:26 ICT" name="TC_04_Login_Page_Wrong_Password" finished-at="2024-09-21T20:18:28 ICT" duration-ms="2479" status="PASS">
          <reporter-output>
          </reporter-output>
        </test-method> <!-- TC_04_Login_Page_Wrong_Password -->
        <test-method signature="TC_05_Login_Page_Successfull()[pri:0, instance:com.OrangeHRM.admin.Login@74f6c5d8]" started-at="2024-09-21T20:18:28 ICT" name="TC_05_Login_Page_Successfull" finished-at="2024-09-21T20:18:30 ICT" duration-ms="2286" status="PASS">
          <reporter-output>
          </reporter-output>
        </test-method> <!-- TC_05_Login_Page_Successfull -->
        <test-method is-config="true" signature="afterClass()[pri:0, instance:com.OrangeHRM.admin.Login@74f6c5d8]" started-at="2024-09-21T20:18:30 ICT" name="afterClass" finished-at="2024-09-21T20:18:32 ICT" duration-ms="1105" status="PASS">
          <reporter-output>
          </reporter-output>
        </test-method> <!-- afterClass -->
      </class> <!-- com.OrangeHRM.admin.Login -->
      <class name="com.OrangeHRM.pim.AddEmployee">
        <test-method is-config="true" signature="beforeClass(java.lang.String)[pri:0, instance:com.OrangeHRM.pim.AddEmployee@14f232c4]" started-at="2024-09-21T20:18:32 ICT" name="beforeClass" finished-at="2024-09-21T20:18:45 ICT" duration-ms="13183" status="PASS">
          <params>
            <param index="0">
              <value>
                <![CDATA[firefox]]>
              </value>
            </param>
          </params>
          <reporter-output>
          </reporter-output>
        </test-method> <!-- beforeClass -->
        <test-method signature="TC_01_Creat_New_Employee()[pri:0, instance:com.OrangeHRM.pim.AddEmployee@14f232c4]" started-at="2024-09-21T20:18:45 ICT" name="TC_01_Creat_New_Employee" finished-at="2024-09-21T20:18:52 ICT" duration-ms="7323" status="PASS">
          <reporter-output>
          </reporter-output>
        </test-method> <!-- TC_01_Creat_New_Employee -->
        <test-method is-config="true" signature="afterClass()[pri:0, instance:com.OrangeHRM.pim.AddEmployee@14f232c4]" started-at="2024-09-21T20:18:52 ICT" name="afterClass" finished-at="2024-09-21T20:18:53 ICT" duration-ms="1045" status="PASS">
          <reporter-output>
          </reporter-output>
        </test-method> <!-- afterClass -->
      </class> <!-- com.OrangeHRM.pim.AddEmployee -->
    </test> <!-- Run On FIREFOX -->
    <test started-at="2024-09-21T20:18:53 ICT" name="Run On CHROME" finished-at="2024-09-21T20:19:35 ICT" duration-ms="41431">
      <class name="com.OrangeHRM.admin.Login">
        <test-method is-config="true" signature="beforeClass(java.lang.String)[pri:0, instance:com.OrangeHRM.admin.Login@895e367]" started-at="2024-09-21T20:18:53 ICT" name="beforeClass" finished-at="2024-09-21T20:19:06 ICT" duration-ms="12568" status="PASS">
          <params>
            <param index="0">
              <value>
                <![CDATA[chrome]]>
              </value>
            </param>
          </params>
          <reporter-output>
          </reporter-output>
        </test-method> <!-- beforeClass -->
        <test-method signature="TC_01_Login_Page_Not_User()[pri:0, instance:com.OrangeHRM.admin.Login@895e367]" started-at="2024-09-21T20:19:06 ICT" name="TC_01_Login_Page_Not_User" finished-at="2024-09-21T20:19:07 ICT" duration-ms="1233" status="PASS">
          <reporter-output>
          </reporter-output>
        </test-method> <!-- TC_01_Login_Page_Not_User -->
        <test-method signature="TC_02_Login_Page_Not_Password()[pri:0, instance:com.OrangeHRM.admin.Login@895e367]" started-at="2024-09-21T20:19:07 ICT" name="TC_02_Login_Page_Not_Password" finished-at="2024-09-21T20:19:08 ICT" duration-ms="1030" status="PASS">
          <reporter-output>
          </reporter-output>
        </test-method> <!-- TC_02_Login_Page_Not_Password -->
        <test-method signature="TC_03_Login_Page_Wrong_User()[pri:0, instance:com.OrangeHRM.admin.Login@895e367]" started-at="2024-09-21T20:19:08 ICT" name="TC_03_Login_Page_Wrong_User" finished-at="2024-09-21T20:19:10 ICT" duration-ms="1890" status="PASS">
          <reporter-output>
          </reporter-output>
        </test-method> <!-- TC_03_Login_Page_Wrong_User -->
        <test-method signature="TC_04_Login_Page_Wrong_Password()[pri:0, instance:com.OrangeHRM.admin.Login@895e367]" started-at="2024-09-21T20:19:10 ICT" name="TC_04_Login_Page_Wrong_Password" finished-at="2024-09-21T20:19:12 ICT" duration-ms="2191" status="PASS">
          <reporter-output>
          </reporter-output>
        </test-method> <!-- TC_04_Login_Page_Wrong_Password -->
        <test-method signature="TC_05_Login_Page_Successfull()[pri:0, instance:com.OrangeHRM.admin.Login@895e367]" started-at="2024-09-21T20:19:12 ICT" name="TC_05_Login_Page_Successfull" finished-at="2024-09-21T20:19:14 ICT" duration-ms="1997" status="PASS">
          <reporter-output>
          </reporter-output>
        </test-method> <!-- TC_05_Login_Page_Successfull -->
        <test-method is-config="true" signature="afterClass()[pri:0, instance:com.OrangeHRM.admin.Login@895e367]" started-at="2024-09-21T20:19:14 ICT" name="afterClass" finished-at="2024-09-21T20:19:15 ICT" duration-ms="864" status="PASS">
          <reporter-output>
          </reporter-output>
        </test-method> <!-- afterClass -->
      </class> <!-- com.OrangeHRM.admin.Login -->
      <class name="com.OrangeHRM.pim.AddEmployee">
        <test-method is-config="true" signature="beforeClass(java.lang.String)[pri:0, instance:com.OrangeHRM.pim.AddEmployee@1b266842]" started-at="2024-09-21T20:19:15 ICT" name="beforeClass" finished-at="2024-09-21T20:19:26 ICT" duration-ms="11072" status="PASS">
          <params>
            <param index="0">
              <value>
                <![CDATA[chrome]]>
              </value>
            </param>
          </params>
          <reporter-output>
          </reporter-output>
        </test-method> <!-- beforeClass -->
        <test-method signature="TC_01_Creat_New_Employee()[pri:0, instance:com.OrangeHRM.pim.AddEmployee@1b266842]" started-at="2024-09-21T20:19:26 ICT" name="TC_01_Creat_New_Employee" finished-at="2024-09-21T20:19:34 ICT" duration-ms="7659" status="PASS">
          <reporter-output>
          </reporter-output>
        </test-method> <!-- TC_01_Creat_New_Employee -->
        <test-method is-config="true" signature="afterClass()[pri:0, instance:com.OrangeHRM.pim.AddEmployee@1b266842]" started-at="2024-09-21T20:19:34 ICT" name="afterClass" finished-at="2024-09-21T20:19:35 ICT" duration-ms="915" status="PASS">
          <reporter-output>
          </reporter-output>
        </test-method> <!-- afterClass -->
      </class> <!-- com.OrangeHRM.pim.AddEmployee -->
    </test> <!-- Run On CHROME -->
    <test started-at="2024-09-21T20:19:35 ICT" name="Run On EDGE" finished-at="2024-09-21T20:20:12 ICT" duration-ms="36956">
      <class name="com.OrangeHRM.admin.Login">
        <test-method is-config="true" signature="initBeforeSuite()[pri:0, instance:com.OrangeHRM.admin.Login@42b3b079]" started-at="2024-09-21T20:18:15 ICT" name="initBeforeSuite" finished-at="2024-09-21T20:18:15 ICT" duration-ms="37" status="PASS">
          <reporter-output>
          </reporter-output>
        </test-method> <!-- initBeforeSuite -->
        <test-method is-config="true" signature="beforeClass(java.lang.String)[pri:0, instance:com.OrangeHRM.admin.Login@42b3b079]" started-at="2024-09-21T20:19:35 ICT" name="beforeClass" finished-at="2024-09-21T20:19:42 ICT" duration-ms="7138" status="PASS">
          <params>
            <param index="0">
              <value>
                <![CDATA[edge]]>
              </value>
            </param>
          </params>
          <reporter-output>
          </reporter-output>
        </test-method> <!-- beforeClass -->
        <test-method signature="TC_01_Login_Page_Not_User()[pri:0, instance:com.OrangeHRM.admin.Login@42b3b079]" started-at="2024-09-21T20:19:42 ICT" name="TC_01_Login_Page_Not_User" finished-at="2024-09-21T20:19:43 ICT" duration-ms="953" status="PASS">
          <reporter-output>
          </reporter-output>
        </test-method> <!-- TC_01_Login_Page_Not_User -->
        <test-method signature="TC_02_Login_Page_Not_Password()[pri:0, instance:com.OrangeHRM.admin.Login@42b3b079]" started-at="2024-09-21T20:19:43 ICT" name="TC_02_Login_Page_Not_Password" finished-at="2024-09-21T20:19:44 ICT" duration-ms="1072" status="PASS">
          <reporter-output>
          </reporter-output>
        </test-method> <!-- TC_02_Login_Page_Not_Password -->
        <test-method signature="TC_03_Login_Page_Wrong_User()[pri:0, instance:com.OrangeHRM.admin.Login@42b3b079]" started-at="2024-09-21T20:19:44 ICT" name="TC_03_Login_Page_Wrong_User" finished-at="2024-09-21T20:19:46 ICT" duration-ms="1911" status="PASS">
          <reporter-output>
          </reporter-output>
        </test-method> <!-- TC_03_Login_Page_Wrong_User -->
        <test-method signature="TC_04_Login_Page_Wrong_Password()[pri:0, instance:com.OrangeHRM.admin.Login@42b3b079]" started-at="2024-09-21T20:19:46 ICT" name="TC_04_Login_Page_Wrong_Password" finished-at="2024-09-21T20:19:48 ICT" duration-ms="2157" status="PASS">
          <reporter-output>
          </reporter-output>
        </test-method> <!-- TC_04_Login_Page_Wrong_Password -->
        <test-method signature="TC_05_Login_Page_Successfull()[pri:0, instance:com.OrangeHRM.admin.Login@42b3b079]" started-at="2024-09-21T20:19:48 ICT" name="TC_05_Login_Page_Successfull" finished-at="2024-09-21T20:19:50 ICT" duration-ms="2012" status="PASS">
          <reporter-output>
          </reporter-output>
        </test-method> <!-- TC_05_Login_Page_Successfull -->
        <test-method is-config="true" signature="afterClass()[pri:0, instance:com.OrangeHRM.admin.Login@42b3b079]" started-at="2024-09-21T20:19:50 ICT" name="afterClass" finished-at="2024-09-21T20:19:51 ICT" duration-ms="1514" status="PASS">
          <reporter-output>
          </reporter-output>
        </test-method> <!-- afterClass -->
      </class> <!-- com.OrangeHRM.admin.Login -->
      <class name="com.OrangeHRM.pim.AddEmployee">
        <test-method is-config="true" signature="beforeClass(java.lang.String)[pri:0, instance:com.OrangeHRM.pim.AddEmployee@651aed93]" started-at="2024-09-21T20:19:51 ICT" name="beforeClass" finished-at="2024-09-21T20:20:03 ICT" duration-ms="11186" status="PASS">
          <params>
            <param index="0">
              <value>
                <![CDATA[edge]]>
              </value>
            </param>
          </params>
          <reporter-output>
          </reporter-output>
        </test-method> <!-- beforeClass -->
        <test-method signature="TC_01_Creat_New_Employee()[pri:0, instance:com.OrangeHRM.pim.AddEmployee@651aed93]" started-at="2024-09-21T20:20:03 ICT" name="TC_01_Creat_New_Employee" finished-at="2024-09-21T20:20:10 ICT" duration-ms="7539" status="PASS">
          <reporter-output>
          </reporter-output>
        </test-method> <!-- TC_01_Creat_New_Employee -->
        <test-method is-config="true" signature="afterClass()[pri:0, instance:com.OrangeHRM.pim.AddEmployee@651aed93]" started-at="2024-09-21T20:20:10 ICT" name="afterClass" finished-at="2024-09-21T20:20:12 ICT" duration-ms="1467" status="PASS">
          <reporter-output>
          </reporter-output>
        </test-method> <!-- afterClass -->
      </class> <!-- com.OrangeHRM.pim.AddEmployee -->
    </test> <!-- Run On EDGE -->
  </suite> <!-- OrangeHRM -->
</testng-results>
